[31Jul2025 00:03:09.296] [Server thread/INFO] [net.minecraft.server.MinecraftServer/]: kevin123j2 was slain by Nightmare Stalker
[31Jul2025 00:03:25.044] [Server thread/INFO] [net.minecraft.server.MinecraftServer/]: kevin123j2 was slain by Nightmare Stalker
[31Jul2025 00:05:42.041] [Server thread/INFO] [net.minecraft.server.MinecraftServer/]: kevin123j2 withered away
[31Jul2025 00:10:59.337] [Server thread/INFO] [net.minecraft.server.MinecraftServer/]: kevin123j2 was slain by Nightmare Stalker
[31Jul2025 00:11:42.509] [Server thread/INFO] [net.minecraft.server.MinecraftServer/]: Unknown or incomplete command, see below for error
[31Jul2025 00:11:42.509] [Server thread/INFO] [net.minecraft.server.MinecraftServer/]: n<--[HERE]
[31Jul2025 00:15:15.257] [Server thread/WARN] [net.minecraft.server.network.ServerGamePacketListenerImpl/]: Jos3enriq moved wrongly!
[31Jul2025 00:16:56.962] [Server thread/INFO] [net.minecraft.server.MinecraftServer/]: kevin123j2 fell off a ladder
[31Jul2025 00:21:11.791] [Server thread/INFO] [net.minecraft.server.MinecraftServer/]: kevin123j2 was slain by Creepling
[31Jul2025 00:21:27.429] [Server thread/INFO] [net.minecraft.server.MinecraftServer/]: Unknown or incomplete command, see below for error
[31Jul2025 00:21:27.430] [Server thread/INFO] [net.minecraft.server.MinecraftServer/]: h<--[HERE]
[31Jul2025 00:22:58.193] [Server thread/WARN] [net.minecraft.server.network.ServerGamePacketListenerImpl/]: kevin123j2 moved wrongly!
[31Jul2025 00:22:59.428] [Server thread/WARN] [net.minecraft.server.network.ServerGamePacketListenerImpl/]: kevin123j2 moved wrongly!
[31Jul2025 00:23:27.851] [Server thread/INFO] [net.minecraft.server.MinecraftServer/]: kevin123j2 drowned
[31Jul2025 00:24:42.970] [Server thread/INFO] [net.minecraft.server.MinecraftServer/]: Unknown or incomplete command, see below for error
[31Jul2025 00:24:42.970] [Server thread/INFO] [net.minecraft.server.MinecraftServer/]: k<--[HERE]
[31Jul2025 00:24:51.300] [Server thread/INFO] [net.minecraft.server.MinecraftServer/]: kevin123j2 fell from a high place
[31Jul2025 00:26:47.547] [Server thread/INFO] [net.minecraft.server.MinecraftServer/]: kevin123j2 was slain by The Hunter
[31Jul2025 00:26:59.539] [Server thread/INFO] [net.minecraft.server.MinecraftServer/]: kevin123j2 was slain by The Moonflower
[31Jul2025 00:27:12.790] [Server thread/INFO] [net.minecraft.server.MinecraftServer/]: kevin123j2 was slain by Zombie
[31Jul2025 00:27:22.214] [Server thread/INFO] [net.minecraft.server.MinecraftServer/]: Unknown or incomplete command, see below for error
[31Jul2025 00:27:22.230] [Server thread/INFO] [net.minecraft.server.MinecraftServer/]: b<--[HERE]
[31Jul2025 00:38:34.407] [Server thread/INFO] [net.minecraft.server.MinecraftServer/]: death.attack.traveloptics.coral_barrage
[31Jul2025 00:39:16.555] [Server thread/INFO] [net.minecraft.server.MinecraftServer/]: kevin123j2 was slain by Bulldrogioth
[31Jul2025 00:44:05.347] [Server thread/INFO] [net.minecraft.server.MinecraftServer/]: death.attack.traveloptics.coral_barrage
[31Jul2025 00:44:28.758] [Server thread/INFO] [net.minecraft.server.MinecraftServer/]: Unknown or incomplete command, see below for error
[31Jul2025 00:44:28.759] [Server thread/INFO] [net.minecraft.server.MinecraftServer/]: h<--[HERE]
[31Jul2025 00:45:03.962] [Server thread/INFO] [net.minecraft.server.MinecraftServer/]: kevin123j2 was slain by The Moonflower
[31Jul2025 00:48:37.682] [Server thread/INFO] [net.minecraft.server.MinecraftServer/]: Unknown or incomplete command, see below for error
[31Jul2025 00:48:37.692] [Server thread/INFO] [net.minecraft.server.MinecraftServer/]: j<--[HERE]
[31Jul2025 00:49:52.495] [Server thread/INFO] [net.minecraft.server.MinecraftServer/]: Jos3enriq was slain by Halloweed
[31Jul2025 00:50:07.793] [Server thread/INFO] [net.minecraft.server.MinecraftServer/]: Jos3enriq was slain by Halloweed
[31Jul2025 00:50:20.143] [Server thread/INFO] [net.minecraft.server.MinecraftServer/]: Jos3enriq was slain by Halloweed
[31Jul2025 00:52:47.491] [Server thread/INFO] [net.minecraft.server.MinecraftServer/]: kevin123j2 was slain by Halloweed
[31Jul2025 00:56:44.002] [Server thread/INFO] [net.minecraft.server.MinecraftServer/]: Jos3enriq has made the advancement [Splintering II]
[31Jul2025 00:57:23.305] [Server thread/INFO] [net.minecraft.server.MinecraftServer/]: Unknown or incomplete command, see below for error
[31Jul2025 00:57:23.305] [Server thread/INFO] [net.minecraft.server.MinecraftServer/]: u<--[HERE]
[31Jul2025 00:59:54.049] [Server thread/INFO] [net.minecraft.server.MinecraftServer/]: kevin123j2 was slain by Sprinter
[31Jul2025 01:01:35.307] [Server thread/INFO] [net.minecraft.server.MinecraftServer/]: Jos3enriq has made the advancement [Junior Summoner]
